#
# An unexpected error has been detected by Java Runtime Environment:
#
#  EXCEPTION_ACCESS_VIOLATION (0xc0000005) at pc=0x6da669a2, pid=3232, tid=5440
#
# Java VM: Java HotSpot(TM) Client VM (11.3-b02 mixed mode windows-x86)
# Problematic frame:
# V  [jvm.dll+0x1b69a2]
#
# If you would like to submit a bug report, please visit:
#   http://java.sun.com/webapps/bugreport/crash.jsp
#

---------------  T H R E A D  ---------------

Current thread (0x01e5c400):  JavaThread "JDWP Transport Listener: dt_socket" daemon [_thread_in_vm, id=5440, stack(0x0ca70000,0x0cac0000)]

siginfo: ExceptionCode=0xc0000005, reading address 0x0000000c

Registers:
EAX=0x00000000, EBX=0x0000000c, ECX=0x0000000c, EDX=0x00000000
ESP=0x0cabfa20, EBP=0x6d44e93c, ESI=0x0000000c, EDI=0x0000000b
EIP=0x6da669a2, EFLAGS=0x00010202

Top of Stack: (sp=0x0cabfa20)
0x0cabfa20:   01e5ba58 0000000b 6da669e3 0000000c
0x0cabfa30:   0000000b 6d44e0fc 01e5ba58 6d44e93c
0x0cabfa40:   6d44e114 6d97b87d 0000000c 0000000b
0x0cabfa50:   6d98bc6f 04697400 6d44e0fc 01e5c514
0x0cabfa60:   6d44e93c 6d44e114 01e5c400 00000000
0x0cabfa70:   6d449b79 01e5c514 0cabfabc 01e48280
0x0cabfa80:   01e48288 01e48674 6d4362bd 01e5c400
0x0cabfa90:   0cd905c0 00000000 0cabfabc 0cabfc58 

Instructions: (pc=0x6da669a2)
0x6da66992:   7c 24 0c 33 c0 33 d2 85 ff 7e 2d 56 8b 74 24 0c
0x6da669a2:   66 8b 0c 56 66 83 f9 01 72 09 66 83 f9 7f 77 03 


Stack: [0x0ca70000,0x0cac0000],  sp=0x0cabfa20,  free space=318k
Native frames: (J=compiled Java code, j=interpreted, Vv=VM code, C=native code)
V  [jvm.dll+0x1b69a2]


---------------  P R O C E S S  ---------------

Java Threads: ( => current thread )
  0x01e6e800 JavaThread "Low Memory Detector" daemon [_thread_blocked, id=1856, stack(0x0ccb0000,0x0cd00000)]
  0x01e6b400 JavaThread "CompilerThread0" daemon [_thread_blocked, id=5296, stack(0x0cc20000,0x0cc70000)]
  0x01e5f800 JavaThread "JDWP Command Reader" daemon [_thread_in_native, id=5512, stack(0x0cb50000,0x0cba0000)]
  0x01e5f000 JavaThread "JDWP Event Helper Thread" daemon [_thread_blocked, id=5632, stack(0x0cac0000,0x0cb10000)]
=>0x01e5c400 JavaThread "JDWP Transport Listener: dt_socket" daemon [_thread_in_vm, id=5440, stack(0x0ca70000,0x0cac0000)]
  0x01e51800 JavaThread "Attach Listener" daemon [_thread_blocked, id=2104, stack(0x0c800000,0x0c850000)]
  0x01e47000 JavaThread "Signal Dispatcher" daemon [_thread_blocked, id=5640, stack(0x0c770000,0x0c7c0000)]
  0x01e0bc00 JavaThread "Finalizer" daemon [_thread_blocked, id=4668, stack(0x0c6e0000,0x0c730000)]
  0x01e0a800 JavaThread "Reference Handler" daemon [_thread_blocked, id=3760, stack(0x0c650000,0x0c6a0000)]
  0x00389800 JavaThread "main" [_thread_blocked, id=6136, stack(0x00290000,0x002e0000)]

Other Threads:
  0x01e07400 VMThread [stack: 0x01ee0000,0x01f30000] [id=5340]
  0x01e6f800 WatcherThread [stack: 0x0cf90000,0x0cfe0000] [id=2696]

VM state:not at safepoint (normal execution)

VM Mutex/Monitor currently owned by a thread: None

Heap
 def new generation   total 960K, used 551K [0x04610000, 0x04710000, 0x04af0000)
  eden space 896K,  61% used [0x04610000, 0x04699c90, 0x046f0000)
  from space 64K,   0% used [0x046f0000, 0x046f0000, 0x04700000)
  to   space 64K,   0% used [0x04700000, 0x04700000, 0x04710000)
 tenured generation   total 4096K, used 0K [0x04af0000, 0x04ef0000, 0x08610000)
   the space 4096K,   0% used [0x04af0000, 0x04af0000, 0x04af0200, 0x04ef0000)
 compacting perm gen  total 12288K, used 2961K [0x08610000, 0x09210000, 0x0c610000)
   the space 12288K,  24% used [0x08610000, 0x088f4548, 0x088f4600, 0x09210000)
No shared spaces configured.

Dynamic libraries:
0x00400000 - 0x00424000 	E:\Java程序\binary\com.sun.java.jdk.win32.x86_1.6.0.013\bin\javaw.exe
0x77d30000 - 0x77eb0000 	C:\Windows\SysWOW64\ntdll.dll
0x75840000 - 0x75950000 	C:\Windows\syswow64\kernel32.dll
0x77400000 - 0x77447000 	C:\Windows\syswow64\KERNELBASE.dll
0x76b10000 - 0x76bb0000 	C:\Windows\syswow64\ADVAPI32.dll
0x75a30000 - 0x75adc000 	C:\Windows\syswow64\msvcrt.dll
0x759b0000 - 0x759c9000 	C:\Windows\SysWOW64\sechost.dll
0x77310000 - 0x77400000 	C:\Windows\syswow64\RPCRT4.dll
0x753f0000 - 0x75450000 	C:\Windows\syswow64\SspiCli.dll
0x753e0000 - 0x753ec000 	C:\Windows\syswow64\CRYPTBASE.dll
0x76eb0000 - 0x76fb0000 	C:\Windows\syswow64\USER32.dll
0x76fb0000 - 0x77040000 	C:\Windows\syswow64\GDI32.dll
0x772d0000 - 0x772da000 	C:\Windows\syswow64\LPK.dll
0x76db0000 - 0x76e4d000 	C:\Windows\syswow64\USP10.dll
0x759d0000 - 0x75a30000 	C:\Windows\system32\IMM32.DLL
0x77200000 - 0x772cc000 	C:\Windows\syswow64\MSCTF.dll
0x7c340000 - 0x7c396000 	E:\Java程序\binary\com.sun.java.jdk.win32.x86_1.6.0.013\jre\bin\msvcr71.dll
0x6d8b0000 - 0x6db06000 	E:\Java程序\binary\com.sun.java.jdk.win32.x86_1.6.0.013\jre\bin\client\jvm.dll
0x748a0000 - 0x748d2000 	C:\Windows\system32\WINMM.dll
0x6e400000 - 0x6e44c000 	C:\Windows\system32\apphelp.dll
0x6d340000 - 0x6d348000 	E:\Java程序\binary\com.sun.java.jdk.win32.x86_1.6.0.013\jre\bin\hpi.dll
0x76e50000 - 0x76e55000 	C:\Windows\syswow64\PSAPI.DLL
0x6d430000 - 0x6d459000 	E:\Java程序\binary\com.sun.java.jdk.win32.x86_1.6.0.013\jre\bin\jdwp.dll
0x6d750000 - 0x6d756000 	E:\Java程序\binary\com.sun.java.jdk.win32.x86_1.6.0.013\jre\bin\npt.dll
0x6d860000 - 0x6d86c000 	E:\Java程序\binary\com.sun.java.jdk.win32.x86_1.6.0.013\jre\bin\verify.dll
0x6d3e0000 - 0x6d3ff000 	E:\Java程序\binary\com.sun.java.jdk.win32.x86_1.6.0.013\jre\bin\java.dll
0x6d8a0000 - 0x6d8af000 	E:\Java程序\binary\com.sun.java.jdk.win32.x86_1.6.0.013\jre\bin\zip.dll
0x6d2b0000 - 0x6d2b7000 	E:\Java程序\binary\com.sun.java.jdk.win32.x86_1.6.0.013\jre\bin\dt_socket.dll
0x75500000 - 0x75535000 	C:\Windows\syswow64\WS2_32.dll
0x77d00000 - 0x77d06000 	C:\Windows\syswow64\NSI.dll
0x6e490000 - 0x6e4a0000 	C:\Windows\system32\NLAapi.dll
0x6e480000 - 0x6e490000 	C:\Windows\system32\napinsp.dll
0x6e460000 - 0x6e472000 	C:\Windows\system32\pnrpnsp.dll
0x713a0000 - 0x713dc000 	C:\Windows\System32\mswsock.dll
0x74770000 - 0x747b4000 	C:\Windows\system32\DNSAPI.dll
0x6e450000 - 0x6e458000 	C:\Windows\System32\winrnr.dll
0x6db70000 - 0x6db91000 	C:\Program Files (x86)\Bonjour\mdnsNSP.dll
0x75010000 - 0x7502c000 	C:\Windows\system32\Iphlpapi.DLL
0x75000000 - 0x75007000 	C:\Windows\system32\WINNSI.DLL
0x6c810000 - 0x6c848000 	C:\Windows\System32\fwpuclnt.dll
0x6d4f0000 - 0x6d4f6000 	C:\Windows\system32\rasadhlp.dll
0x71390000 - 0x71395000 	C:\Windows\System32\wshtcpip.dll
0x6d6c0000 - 0x6d6d3000 	E:\Java程序\binary\com.sun.java.jdk.win32.x86_1.6.0.013\jre\bin\net.dll
0x6d4e0000 - 0x6d4e6000 	C:\Windows\System32\wship6.dll
0x6d6e0000 - 0x6d6e9000 	E:\Java程序\binary\com.sun.java.jdk.win32.x86_1.6.0.013\jre\bin\nio.dll

VM Arguments:
jvm_args: -agentlib:jdwp=transport=dt_socket,suspend=y,address=localhost:1699 -Dfile.encoding=GBK 
java_command: MovieFlix
Launcher Type: SUN_STANDARD

Environment Variables:
PATH=E:\Java程序\binary\com.sun.java.jdk.win32.x86_1.6.0.013\jre\bin;E:/Java程序/binary/com.sun.java.jdk.win32.x86_1.6.0.013/jre/bin/client;E:/Java程序/binary/com.sun.java.jdk.win32.x86_1.6.0.013/jre/bin;C:\Program Files (x86)\NVIDIA Corporation\PhysX\Common;C:\Windows\system32;C:\Windows;C:\Windows\System32\Wbem;C:\Windows\System32\WindowsPowerShell\v1.0\;C:\Program Files (x86)\Common Files\Adobe\AGL;C:\Program Files (x86)\Microsoft SQL Server\100\Tools\Binn\;C:\Program Files\Microsoft SQL Server\100\Tools\Binn\;C:\Program Files\Microsoft SQL Server\100\DTS\Binn\;C:\Program Files (x86)\Microsoft SQL Server\100\Tools\Binn\VSShell\Common7\IDE\;C:\Program Files (x86)\Microsoft SQL Server\100\DTS\Binn\;C:\Program Files (x86)\Microsoft Visual Studio 9.0\Common7\IDE\PrivateAssemblies\;QUARTUS_ROOTDIR\bin
USERNAME=Administrator
OS=Windows_NT
PROCESSOR_IDENTIFIER=Intel64 Family 6 Model 58 Stepping 9, GenuineIntel



---------------  S Y S T E M  ---------------

OS: Windows NT 6.1 Build 7601 Service Pack 1

CPU:total 4 (8 cores per cpu, 2 threads per core) family 6 model 10 stepping 9, cmov, cx8, fxsr, mmx, sse, sse2, sse3, ssse3, ht

Memory: 4k page, physical 4143472k(2080448k free), swap 4194303k(4194303k free)

vm_info: Java HotSpot(TM) Client VM (11.3-b02) for windows-x86 JRE (1.6.0_13-b03), built on Mar  9 2009 01:15:24 by "java_re" with MS VC++ 7.1

time: Wed Oct 01 20:07:30 2014
elapsed time: 571 seconds

