#
# An unexpected error has been detected by Java Runtime Environment:
#
#  EXCEPTION_ACCESS_VIOLATION (0xc0000005) at pc=0x6da669a2, pid=11260, tid=9796
#
# Java VM: Java HotSpot(TM) Client VM (11.3-b02 mixed mode windows-x86)
# Problematic frame:
# V  [jvm.dll+0x1b69a2]
#
# If you would like to submit a bug report, please visit:
#   http://java.sun.com/webapps/bugreport/crash.jsp
#

---------------  T H R E A D  ---------------

Current thread (0x025e3800):  JavaThread "JDWP Transport Listener: dt_socket" daemon [_thread_in_vm, id=9796, stack(0x0ca00000,0x0ca50000)]

siginfo: ExceptionCode=0xc0000005, reading address 0x0000000c

Registers:
EAX=0x00000000, EBX=0x0000000c, ECX=0x0000000c, EDX=0x00000000
ESP=0x0ca4fc20, EBP=0x6d44e93c, ESI=0x0000000c, EDI=0x0000000b
EIP=0x6da669a2, EFLAGS=0x00010202

Top of Stack: (sp=0x0ca4fc20)
0x0ca4fc20:   025e2f68 0000000b 6da669e3 0000000c
0x0ca4fc30:   0000000b 6d44e0fc 025e2f68 6d44e93c
0x0ca4fc40:   6d44e114 6d97b87d 0000000c 0000000b
0x0ca4fc50:   6d98bc6f 046785a8 6d44e0fc 025e3914
0x0ca4fc60:   6d44e93c 6d44e114 025e3800 00000000
0x0ca4fc70:   6d449b79 025e3914 0ca4fcbc 025cfd58
0x0ca4fc80:   025cfd60 025d014c 6d4362bd 025e3800
0x0ca4fc90:   0cc88f04 00000000 0ca4fcbc 0ca4fe58 

Instructions: (pc=0x6da669a2)
0x6da66992:   7c 24 0c 33 c0 33 d2 85 ff 7e 2d 56 8b 74 24 0c
0x6da669a2:   66 8b 0c 56 66 83 f9 01 72 09 66 83 f9 7f 77 03 


Stack: [0x0ca00000,0x0ca50000],  sp=0x0ca4fc20,  free space=319k
Native frames: (J=compiled Java code, j=interpreted, Vv=VM code, C=native code)
V  [jvm.dll+0x1b69a2]


---------------  P R O C E S S  ---------------

Java Threads: ( => current thread )
  0x025c7c00 JavaThread "Low Memory Detector" daemon [_thread_blocked, id=10904, stack(0x0cf10000,0x0cf60000)]
  0x025eec00 JavaThread "CompilerThread0" daemon [_thread_blocked, id=10996, stack(0x0ce80000,0x0ced0000)]
  0x025e8c00 JavaThread "JDWP Command Reader" daemon [_thread_in_native, id=7196, stack(0x0cbe0000,0x0cc30000)]
  0x025e6400 JavaThread "JDWP Event Helper Thread" daemon [_thread_blocked, id=9904, stack(0x0cad0000,0x0cb20000)]
=>0x025e3800 JavaThread "JDWP Transport Listener: dt_socket" daemon [_thread_in_vm, id=9796, stack(0x0ca00000,0x0ca50000)]
  0x025c7400 JavaThread "Attach Listener" daemon [_thread_blocked, id=11184, stack(0x0c7e0000,0x0c830000)]
  0x025c7000 JavaThread "Signal Dispatcher" daemon [_thread_blocked, id=7528, stack(0x0c750000,0x0c7a0000)]
  0x0258f000 JavaThread "Finalizer" daemon [_thread_blocked, id=8168, stack(0x0c6c0000,0x0c710000)]
  0x0258a800 JavaThread "Reference Handler" daemon [_thread_blocked, id=10684, stack(0x0c630000,0x0c680000)]
  0x024e9800 JavaThread "main" [_thread_blocked, id=5396, stack(0x00380000,0x003d0000)]

Other Threads:
  0x02587400 VMThread [stack: 0x02490000,0x024e0000] [id=8748]
  0x0cc8a800 WatcherThread [stack: 0x0cfa0000,0x0cff0000] [id=11228]

VM state:not at safepoint (normal execution)

VM Mutex/Monitor currently owned by a thread: None

Heap
 def new generation   total 960K, used 558K [0x045f0000, 0x046f0000, 0x04ad0000)
  eden space 896K,  62% used [0x045f0000, 0x0467b980, 0x046d0000)
  from space 64K,   0% used [0x046d0000, 0x046d0000, 0x046e0000)
  to   space 64K,   0% used [0x046e0000, 0x046e0000, 0x046f0000)
 tenured generation   total 4096K, used 0K [0x04ad0000, 0x04ed0000, 0x085f0000)
   the space 4096K,   0% used [0x04ad0000, 0x04ad0000, 0x04ad0200, 0x04ed0000)
 compacting perm gen  total 12288K, used 2964K [0x085f0000, 0x091f0000, 0x0c5f0000)
   the space 12288K,  24% used [0x085f0000, 0x088d5350, 0x088d5400, 0x091f0000)
No shared spaces configured.

Dynamic libraries:
0x00400000 - 0x00424000 	E:\Java程序\binary\com.sun.java.jdk.win32.x86_1.6.0.013\bin\javaw.exe
0x77e20000 - 0x77fa0000 	C:\Windows\SysWOW64\ntdll.dll
0x767d0000 - 0x768e0000 	C:\Windows\syswow64\kernel32.dll
0x76780000 - 0x767c7000 	C:\Windows\syswow64\KERNELBASE.dll
0x76550000 - 0x765f0000 	C:\Windows\syswow64\ADVAPI32.dll
0x76d00000 - 0x76dac000 	C:\Windows\syswow64\msvcrt.dll
0x756b0000 - 0x756c9000 	C:\Windows\SysWOW64\sechost.dll
0x76a70000 - 0x76b60000 	C:\Windows\syswow64\RPCRT4.dll
0x754e0000 - 0x75540000 	C:\Windows\syswow64\SspiCli.dll
0x754d0000 - 0x754dc000 	C:\Windows\syswow64\CRYPTBASE.dll
0x768e0000 - 0x769e0000 	C:\Windows\syswow64\USER32.dll
0x769e0000 - 0x76a70000 	C:\Windows\syswow64\GDI32.dll
0x77070000 - 0x7707a000 	C:\Windows\syswow64\LPK.dll
0x766e0000 - 0x7677d000 	C:\Windows\syswow64\USP10.dll
0x763f0000 - 0x76450000 	C:\Windows\system32\IMM32.DLL
0x756d0000 - 0x7579c000 	C:\Windows\syswow64\MSCTF.dll
0x7c340000 - 0x7c396000 	E:\Java程序\binary\com.sun.java.jdk.win32.x86_1.6.0.013\jre\bin\msvcr71.dll
0x6d8b0000 - 0x6db06000 	E:\Java程序\binary\com.sun.java.jdk.win32.x86_1.6.0.013\jre\bin\client\jvm.dll
0x748d0000 - 0x74902000 	C:\Windows\system32\WINMM.dll
0x726b0000 - 0x726fc000 	C:\Windows\system32\apphelp.dll
0x6d340000 - 0x6d348000 	E:\Java程序\binary\com.sun.java.jdk.win32.x86_1.6.0.013\jre\bin\hpi.dll
0x75540000 - 0x75545000 	C:\Windows\syswow64\PSAPI.DLL
0x6d430000 - 0x6d459000 	E:\Java程序\binary\com.sun.java.jdk.win32.x86_1.6.0.013\jre\bin\jdwp.dll
0x6d750000 - 0x6d756000 	E:\Java程序\binary\com.sun.java.jdk.win32.x86_1.6.0.013\jre\bin\npt.dll
0x6d860000 - 0x6d86c000 	E:\Java程序\binary\com.sun.java.jdk.win32.x86_1.6.0.013\jre\bin\verify.dll
0x6d3e0000 - 0x6d3ff000 	E:\Java程序\binary\com.sun.java.jdk.win32.x86_1.6.0.013\jre\bin\java.dll
0x6d8a0000 - 0x6d8af000 	E:\Java程序\binary\com.sun.java.jdk.win32.x86_1.6.0.013\jre\bin\zip.dll
0x6d2b0000 - 0x6d2b7000 	E:\Java程序\binary\com.sun.java.jdk.win32.x86_1.6.0.013\jre\bin\dt_socket.dll
0x76480000 - 0x764b5000 	C:\Windows\syswow64\WS2_32.dll
0x76fd0000 - 0x76fd6000 	C:\Windows\syswow64\NSI.dll
0x6e9b0000 - 0x6e9c0000 	C:\Windows\system32\NLAapi.dll
0x6eae0000 - 0x6eaf0000 	C:\Windows\system32\napinsp.dll
0x6eac0000 - 0x6ead2000 	C:\Windows\system32\pnrpnsp.dll
0x71720000 - 0x7175c000 	C:\Windows\System32\mswsock.dll
0x74860000 - 0x748a4000 	C:\Windows\system32\DNSAPI.dll
0x6eab0000 - 0x6eab8000 	C:\Windows\System32\winrnr.dll
0x6e710000 - 0x6e731000 	C:\Program Files (x86)\Bonjour\mdnsNSP.dll
0x75100000 - 0x7511c000 	C:\Windows\system32\Iphlpapi.DLL
0x750f0000 - 0x750f7000 	C:\Windows\system32\WINNSI.DLL
0x6e460000 - 0x6e498000 	C:\Windows\System32\fwpuclnt.dll
0x6e750000 - 0x6e756000 	C:\Windows\system32\rasadhlp.dll
0x71710000 - 0x71715000 	C:\Windows\System32\wshtcpip.dll
0x6d6c0000 - 0x6d6d3000 	E:\Java程序\binary\com.sun.java.jdk.win32.x86_1.6.0.013\jre\bin\net.dll
0x6e740000 - 0x6e746000 	C:\Windows\System32\wship6.dll
0x6d6e0000 - 0x6d6e9000 	E:\Java程序\binary\com.sun.java.jdk.win32.x86_1.6.0.013\jre\bin\nio.dll

VM Arguments:
jvm_args: -agentlib:jdwp=transport=dt_socket,suspend=y,address=localhost:2794 -Dfile.encoding=GBK 
java_command: MovieFlix
Launcher Type: SUN_STANDARD

Environment Variables:
PATH=E:\Java程序\binary\com.sun.java.jdk.win32.x86_1.6.0.013\jre\bin;E:/Java程序/binary/com.sun.java.jdk.win32.x86_1.6.0.013/jre/bin/client;E:/Java程序/binary/com.sun.java.jdk.win32.x86_1.6.0.013/jre/bin;C:\Program Files (x86)\NVIDIA Corporation\PhysX\Common;C:\Windows\system32;C:\Windows;C:\Windows\System32\Wbem;C:\Windows\System32\WindowsPowerShell\v1.0\;C:\Program Files (x86)\Common Files\Adobe\AGL;C:\Program Files (x86)\Microsoft SQL Server\100\Tools\Binn\;C:\Program Files\Microsoft SQL Server\100\Tools\Binn\;C:\Program Files\Microsoft SQL Server\100\DTS\Binn\;C:\Program Files (x86)\Microsoft SQL Server\100\Tools\Binn\VSShell\Common7\IDE\;C:\Program Files (x86)\Microsoft SQL Server\100\DTS\Binn\;C:\Program Files (x86)\Microsoft Visual Studio 9.0\Common7\IDE\PrivateAssemblies\;QUARTUS_ROOTDIR\bin
USERNAME=Administrator
OS=Windows_NT
PROCESSOR_IDENTIFIER=Intel64 Family 6 Model 58 Stepping 9, GenuineIntel



---------------  S Y S T E M  ---------------

OS: Windows NT 6.1 Build 7601 Service Pack 1

CPU:total 4 (8 cores per cpu, 2 threads per core) family 6 model 10 stepping 9, cmov, cx8, fxsr, mmx, sse, sse2, sse3, ssse3, ht

Memory: 4k page, physical 4143472k(1709888k free), swap 4194303k(4194303k free)

vm_info: Java HotSpot(TM) Client VM (11.3-b02) for windows-x86 JRE (1.6.0_13-b03), built on Mar  9 2009 01:15:24 by "java_re" with MS VC++ 7.1

time: Fri Oct 03 21:53:14 2014
elapsed time: 92 seconds

