#
# An unexpected error has been detected by Java Runtime Environment:
#
#  EXCEPTION_ACCESS_VIOLATION (0xc0000005) at pc=0x6da669a2, pid=3576, tid=4092
#
# Java VM: Java HotSpot(TM) Client VM (11.3-b02 mixed mode windows-x86)
# Problematic frame:
# V  [jvm.dll+0x1b69a2]
#
# If you would like to submit a bug report, please visit:
#   http://java.sun.com/webapps/bugreport/crash.jsp
#

---------------  T H R E A D  ---------------

Current thread (0x0260c400):  JavaThread "JDWP Transport Listener: dt_socket" daemon [_thread_in_vm, id=4092, stack(0x0ca30000,0x0ca80000)]

siginfo: ExceptionCode=0xc0000005, reading address 0x0000000c

Registers:
EAX=0x00000000, EBX=0x0000000c, ECX=0x0000000c, EDX=0x00000000
ESP=0x0ca7fa20, EBP=0x6d44e93c, ESI=0x0000000c, EDI=0x0000000b
EIP=0x6da669a2, EFLAGS=0x00010202

Top of Stack: (sp=0x0ca7fa20)
0x0ca7fa20:   0260ba90 0000000b 6da669e3 0000000c
0x0ca7fa30:   0000000b 6d44e0fc 0260ba90 6d44e93c
0x0ca7fa40:   6d44e114 6d97b87d 0000000c 0000000b
0x0ca7fa50:   6d98bc6f 046a7640 6d44e0fc 0260c514
0x0ca7fa60:   6d44e93c 6d44e114 0260c400 00000000
0x0ca7fa70:   6d449b79 0260c514 0ca7fabc 025f8330
0x0ca7fa80:   025f8338 025f8724 6d4362bd 0260c400
0x0ca7fa90:   025ccbc8 00000000 0ca7fabc 0ca7fc58 

Instructions: (pc=0x6da669a2)
0x6da66992:   7c 24 0c 33 c0 33 d2 85 ff 7e 2d 56 8b 74 24 0c
0x6da669a2:   66 8b 0c 56 66 83 f9 01 72 09 66 83 f9 7f 77 03 


Stack: [0x0ca30000,0x0ca80000],  sp=0x0ca7fa20,  free space=318k
Native frames: (J=compiled Java code, j=interpreted, Vv=VM code, C=native code)
V  [jvm.dll+0x1b69a2]


---------------  P R O C E S S  ---------------

Java Threads: ( => current thread )
  0x0261e800 JavaThread "Low Memory Detector" daemon [_thread_blocked, id=3152, stack(0x0ccd0000,0x0cd20000)]
  0x0261b400 JavaThread "CompilerThread0" daemon [_thread_blocked, id=888, stack(0x0cc40000,0x0cc90000)]
  0x0260f800 JavaThread "JDWP Command Reader" daemon [_thread_in_native, id=4884, stack(0x0cb60000,0x0cbb0000)]
  0x0260f000 JavaThread "JDWP Event Helper Thread" daemon [_thread_blocked, id=3044, stack(0x0ca80000,0x0cad0000)]
=>0x0260c400 JavaThread "JDWP Transport Listener: dt_socket" daemon [_thread_in_vm, id=4092, stack(0x0ca30000,0x0ca80000)]
  0x02601800 JavaThread "Attach Listener" daemon [_thread_blocked, id=5700, stack(0x0c820000,0x0c870000)]
  0x025f7000 JavaThread "Signal Dispatcher" daemon [_thread_blocked, id=6012, stack(0x0c790000,0x0c7e0000)]
  0x025bf400 JavaThread "Finalizer" daemon [_thread_blocked, id=4016, stack(0x0c700000,0x0c750000)]
  0x025ba800 JavaThread "Reference Handler" daemon [_thread_blocked, id=2844, stack(0x0c670000,0x0c6c0000)]
  0x001e9800 JavaThread "main" [_thread_blocked, id=2624, stack(0x00230000,0x00280000)]

Other Threads:
  0x025b7400 VMThread [stack: 0x0c620000,0x0c670000] [id=5356]
  0x0261f800 WatcherThread [stack: 0x0cd60000,0x0cdb0000] [id=5368]

VM state:not at safepoint (normal execution)

VM Mutex/Monitor currently owned by a thread: None

Heap
 def new generation   total 960K, used 551K [0x04620000, 0x04720000, 0x04b00000)
  eden space 896K,  61% used [0x04620000, 0x046a9d00, 0x04700000)
  from space 64K,   0% used [0x04700000, 0x04700000, 0x04710000)
  to   space 64K,   0% used [0x04710000, 0x04710000, 0x04720000)
 tenured generation   total 4096K, used 0K [0x04b00000, 0x04f00000, 0x08620000)
   the space 4096K,   0% used [0x04b00000, 0x04b00000, 0x04b00200, 0x04f00000)
 compacting perm gen  total 12288K, used 2961K [0x08620000, 0x09220000, 0x0c620000)
   the space 12288K,  24% used [0x08620000, 0x08904640, 0x08904800, 0x09220000)
No shared spaces configured.

Dynamic libraries:
0x00400000 - 0x00424000 	E:\Java程序\binary\com.sun.java.jdk.win32.x86_1.6.0.013\bin\javaw.exe
0x77890000 - 0x77a10000 	C:\Windows\SysWOW64\ntdll.dll
0x759b0000 - 0x75ac0000 	C:\Windows\syswow64\kernel32.dll
0x76c20000 - 0x76c67000 	C:\Windows\syswow64\KERNELBASE.dll
0x75870000 - 0x75910000 	C:\Windows\syswow64\ADVAPI32.dll
0x75750000 - 0x757fc000 	C:\Windows\syswow64\msvcrt.dll
0x76dd0000 - 0x76de9000 	C:\Windows\SysWOW64\sechost.dll
0x75ee0000 - 0x75fd0000 	C:\Windows\syswow64\RPCRT4.dll
0x74f50000 - 0x74fb0000 	C:\Windows\syswow64\SspiCli.dll
0x74f40000 - 0x74f4c000 	C:\Windows\syswow64\CRYPTBASE.dll
0x75de0000 - 0x75ee0000 	C:\Windows\syswow64\USER32.dll
0x755d0000 - 0x75660000 	C:\Windows\syswow64\GDI32.dll
0x75240000 - 0x7524a000 	C:\Windows\syswow64\LPK.dll
0x75910000 - 0x759ad000 	C:\Windows\syswow64\USP10.dll
0x756f0000 - 0x75750000 	C:\Windows\system32\IMM32.DLL
0x75250000 - 0x7531c000 	C:\Windows\syswow64\MSCTF.dll
0x7c340000 - 0x7c396000 	E:\Java程序\binary\com.sun.java.jdk.win32.x86_1.6.0.013\jre\bin\msvcr71.dll
0x6d8b0000 - 0x6db06000 	E:\Java程序\binary\com.sun.java.jdk.win32.x86_1.6.0.013\jre\bin\client\jvm.dll
0x74440000 - 0x74472000 	C:\Windows\system32\WINMM.dll
0x6dc90000 - 0x6dcdc000 	C:\Windows\system32\apphelp.dll
0x6d340000 - 0x6d348000 	E:\Java程序\binary\com.sun.java.jdk.win32.x86_1.6.0.013\jre\bin\hpi.dll
0x753e0000 - 0x753e5000 	C:\Windows\syswow64\PSAPI.DLL
0x6d430000 - 0x6d459000 	E:\Java程序\binary\com.sun.java.jdk.win32.x86_1.6.0.013\jre\bin\jdwp.dll
0x6d750000 - 0x6d756000 	E:\Java程序\binary\com.sun.java.jdk.win32.x86_1.6.0.013\jre\bin\npt.dll
0x6d860000 - 0x6d86c000 	E:\Java程序\binary\com.sun.java.jdk.win32.x86_1.6.0.013\jre\bin\verify.dll
0x6d3e0000 - 0x6d3ff000 	E:\Java程序\binary\com.sun.java.jdk.win32.x86_1.6.0.013\jre\bin\java.dll
0x6d8a0000 - 0x6d8af000 	E:\Java程序\binary\com.sun.java.jdk.win32.x86_1.6.0.013\jre\bin\zip.dll
0x6d2b0000 - 0x6d2b7000 	E:\Java程序\binary\com.sun.java.jdk.win32.x86_1.6.0.013\jre\bin\dt_socket.dll
0x75830000 - 0x75865000 	C:\Windows\syswow64\WS2_32.dll
0x76dc0000 - 0x76dc6000 	C:\Windows\syswow64\NSI.dll
0x6e460000 - 0x6e470000 	C:\Windows\system32\NLAapi.dll
0x6df70000 - 0x6df80000 	C:\Windows\system32\napinsp.dll
0x6df50000 - 0x6df62000 	C:\Windows\system32\pnrpnsp.dll
0x70f00000 - 0x70f3c000 	C:\Windows\System32\mswsock.dll
0x742d0000 - 0x74314000 	C:\Windows\system32\DNSAPI.dll
0x6df30000 - 0x6df38000 	C:\Windows\System32\winrnr.dll
0x6e280000 - 0x6e2a1000 	C:\Program Files (x86)\Bonjour\mdnsNSP.dll
0x74b70000 - 0x74b8c000 	C:\Windows\system32\Iphlpapi.DLL
0x74b60000 - 0x74b67000 	C:\Windows\system32\WINNSI.DLL
0x6def0000 - 0x6df28000 	C:\Windows\System32\fwpuclnt.dll
0x6e450000 - 0x6e456000 	C:\Windows\system32\rasadhlp.dll
0x70ef0000 - 0x70ef5000 	C:\Windows\System32\wshtcpip.dll
0x6d6c0000 - 0x6d6d3000 	E:\Java程序\binary\com.sun.java.jdk.win32.x86_1.6.0.013\jre\bin\net.dll
0x6e440000 - 0x6e446000 	C:\Windows\System32\wship6.dll
0x6d6e0000 - 0x6d6e9000 	E:\Java程序\binary\com.sun.java.jdk.win32.x86_1.6.0.013\jre\bin\nio.dll

VM Arguments:
jvm_args: -agentlib:jdwp=transport=dt_socket,suspend=y,address=localhost:16777 -Dfile.encoding=GBK 
java_command: MovieFlix
Launcher Type: SUN_STANDARD

Environment Variables:
PATH=E:\Java程序\binary\com.sun.java.jdk.win32.x86_1.6.0.013\jre\bin;E:/Java程序/binary/com.sun.java.jdk.win32.x86_1.6.0.013/jre/bin/client;E:/Java程序/binary/com.sun.java.jdk.win32.x86_1.6.0.013/jre/bin;C:\Program Files (x86)\NVIDIA Corporation\PhysX\Common;C:\Windows\system32;C:\Windows;C:\Windows\System32\Wbem;C:\Windows\System32\WindowsPowerShell\v1.0\;C:\Program Files (x86)\Common Files\Adobe\AGL;C:\Program Files (x86)\Microsoft SQL Server\100\Tools\Binn\;C:\Program Files\Microsoft SQL Server\100\Tools\Binn\;C:\Program Files\Microsoft SQL Server\100\DTS\Binn\;C:\Program Files (x86)\Microsoft SQL Server\100\Tools\Binn\VSShell\Common7\IDE\;C:\Program Files (x86)\Microsoft SQL Server\100\DTS\Binn\;C:\Program Files (x86)\Microsoft Visual Studio 9.0\Common7\IDE\PrivateAssemblies\;QUARTUS_ROOTDIR\bin
USERNAME=Administrator
OS=Windows_NT
PROCESSOR_IDENTIFIER=Intel64 Family 6 Model 58 Stepping 9, GenuineIntel



---------------  S Y S T E M  ---------------

OS: Windows NT 6.1 Build 7601 Service Pack 1

CPU:total 4 (8 cores per cpu, 2 threads per core) family 6 model 10 stepping 9, cmov, cx8, fxsr, mmx, sse, sse2, sse3, ssse3, ht

Memory: 4k page, physical 4143472k(2154116k free), swap 4194303k(4194303k free)

vm_info: Java HotSpot(TM) Client VM (11.3-b02) for windows-x86 JRE (1.6.0_13-b03), built on Mar  9 2009 01:15:24 by "java_re" with MS VC++ 7.1

time: Thu Oct 02 18:26:36 2014
elapsed time: 537 seconds

